<?xml version='1.0' encoding='UTF-8'?>
<testsuite hostname="MikkelsLenovo" name="VendingTester" tests="1" errors="0" failures="0" skipped="0" time="4.401" timestamp="2026-04-18T14:11:22">
          <properties>
[...]
</properties>
          <testcase classname="VendingTester" name="Vending machine test should pass" time="4.401">
                      
                    </testcase>
          <system-out><![CDATA[]]></system-out>
          <system-err><![CDATA[]]></system-err>
        </testsuite>